{"C:\\work2\\github\\modules\\jasmin test -basic\\spec\\PlayerSpec.js":{"path":"C:\\work2\\github\\modules\\jasmin test -basic\\spec\\PlayerSpec.js","s":{"1":1,"2":1,"3":1,"4":1,"5":1,"6":1,"7":1,"8":1,"9":5,"10":5,"11":1,"12":1,"13":1,"14":1,"15":1,"16":1,"17":2,"18":2,"19":1,"20":1,"21":1,"22":1,"23":1,"24":1,"25":1,"26":1,"27":1,"28":1,"29":1,"30":1,"31":1,"32":1,"33":1,"34":1,"35":1,"36":1},"b":{},"f":{"1":1,"2":5,"3":1,"4":1,"5":2,"6":1,"7":1,"8":1,"9":1,"10":1,"11":1},"fnMap":{"1":{"name":"(anonymous_1)","line":7,"loc":{"start":{"line":7,"column":19},"end":{"line":7,"column":30}}},"2":{"name":"(anonymous_2)","line":11,"loc":{"start":{"line":11,"column":13},"end":{"line":11,"column":24}}},"3":{"name":"(anonymous_3)","line":17,"loc":{"start":{"line":17,"column":38},"end":{"line":17,"column":49}}},"4":{"name":"(anonymous_4)","line":25,"loc":{"start":{"line":25,"column":40},"end":{"line":25,"column":51}}},"5":{"name":"(anonymous_5)","line":26,"loc":{"start":{"line":26,"column":15},"end":{"line":26,"column":26}}},"6":{"name":"(anonymous_6)","line":31,"loc":{"start":{"line":31,"column":60},"end":{"line":31,"column":71}}},"7":{"name":"(anonymous_7)","line":38,"loc":{"start":{"line":38,"column":39},"end":{"line":38,"column":50}}},"8":{"name":"(anonymous_8)","line":46,"loc":{"start":{"line":46,"column":66},"end":{"line":46,"column":77}}},"9":{"name":"(anonymous_9)","line":56,"loc":{"start":{"line":56,"column":22},"end":{"line":56,"column":33}}},"10":{"name":"(anonymous_10)","line":57,"loc":{"start":{"line":57,"column":63},"end":{"line":57,"column":74}}},"11":{"name":"(anonymous_11)","line":60,"loc":{"start":{"line":60,"column":13},"end":{"line":60,"column":24}}}},"statementMap":{"1":{"start":{"line":1,"column":0},"end":{"line":1,"column":35}},"2":{"start":{"line":3,"column":0},"end":{"line":3,"column":45}},"3":{"start":{"line":4,"column":0},"end":{"line":4,"column":41}},"4":{"start":{"line":5,"column":0},"end":{"line":5,"column":40}},"5":{"start":{"line":7,"column":0},"end":{"line":65,"column":3}},"6":{"start":{"line":8,"column":2},"end":{"line":8,"column":13}},"7":{"start":{"line":9,"column":2},"end":{"line":9,"column":11}},"8":{"start":{"line":11,"column":2},"end":{"line":14,"column":5}},"9":{"start":{"line":12,"column":4},"end":{"line":12,"column":37}},"10":{"start":{"line":13,"column":4},"end":{"line":13,"column":31}},"11":{"start":{"line":17,"column":2},"end":{"line":23,"column":5}},"12":{"start":{"line":18,"column":4},"end":{"line":18,"column":22}},"13":{"start":{"line":19,"column":4},"end":{"line":19,"column":54}},"14":{"start":{"line":22,"column":4},"end":{"line":22,"column":37}},"15":{"start":{"line":25,"column":2},"end":{"line":43,"column":5}},"16":{"start":{"line":26,"column":4},"end":{"line":29,"column":7}},"17":{"start":{"line":27,"column":6},"end":{"line":27,"column":24}},"18":{"start":{"line":28,"column":6},"end":{"line":28,"column":21}},"19":{"start":{"line":31,"column":4},"end":{"line":36,"column":7}},"20":{"start":{"line":32,"column":6},"end":{"line":32,"column":43}},"21":{"start":{"line":35,"column":6},"end":{"line":35,"column":43}},"22":{"start":{"line":38,"column":4},"end":{"line":42,"column":7}},"23":{"start":{"line":39,"column":6},"end":{"line":39,"column":22}},"24":{"start":{"line":40,"column":6},"end":{"line":40,"column":44}},"25":{"start":{"line":41,"column":6},"end":{"line":41,"column":56}},"26":{"start":{"line":46,"column":2},"end":{"line":53,"column":5}},"27":{"start":{"line":47,"column":4},"end":{"line":47,"column":41}},"28":{"start":{"line":49,"column":4},"end":{"line":49,"column":22}},"29":{"start":{"line":50,"column":4},"end":{"line":50,"column":26}},"30":{"start":{"line":52,"column":4},"end":{"line":52,"column":66}},"31":{"start":{"line":56,"column":2},"end":{"line":64,"column":5}},"32":{"start":{"line":57,"column":4},"end":{"line":63,"column":7}},"33":{"start":{"line":58,"column":6},"end":{"line":58,"column":24}},"34":{"start":{"line":60,"column":6},"end":{"line":62,"column":44}},"35":{"start":{"line":61,"column":8},"end":{"line":61,"column":24}},"36":{"start":{"line":67,"column":0},"end":{"line":67,"column":33}}},"branchMap":{}},"C:\\work2\\github\\modules\\jasmin test -basic\\src\\Player.js":{"path":"C:\\work2\\github\\modules\\jasmin test -basic\\src\\Player.js","s":{"1":1,"2":1,"3":5,"4":5,"5":1,"6":2,"7":1,"8":2,"9":1,"10":1,"11":1,"12":1,"13":1},"b":{"1":[1,1]},"f":{"1":5,"2":5,"3":2,"4":2,"5":1},"fnMap":{"1":{"name":"Player","line":1,"loc":{"start":{"line":1,"column":0},"end":{"line":1,"column":18}}},"2":{"name":"(anonymous_2)","line":3,"loc":{"start":{"line":3,"column":24},"end":{"line":3,"column":39}}},"3":{"name":"(anonymous_3)","line":8,"loc":{"start":{"line":8,"column":25},"end":{"line":8,"column":36}}},"4":{"name":"(anonymous_4)","line":12,"loc":{"start":{"line":12,"column":26},"end":{"line":12,"column":37}}},"5":{"name":"(anonymous_5)","line":20,"loc":{"start":{"line":20,"column":32},"end":{"line":20,"column":43}}}},"statementMap":{"1":{"start":{"line":1,"column":0},"end":{"line":2,"column":1}},"2":{"start":{"line":3,"column":0},"end":{"line":6,"column":2}},"3":{"start":{"line":4,"column":2},"end":{"line":4,"column":35}},"4":{"start":{"line":5,"column":2},"end":{"line":5,"column":24}},"5":{"start":{"line":8,"column":0},"end":{"line":10,"column":2}},"6":{"start":{"line":9,"column":2},"end":{"line":9,"column":25}},"7":{"start":{"line":12,"column":0},"end":{"line":18,"column":2}},"8":{"start":{"line":13,"column":2},"end":{"line":15,"column":3}},"9":{"start":{"line":14,"column":4},"end":{"line":14,"column":47}},"10":{"start":{"line":17,"column":2},"end":{"line":17,"column":24}},"11":{"start":{"line":20,"column":0},"end":{"line":22,"column":2}},"12":{"start":{"line":21,"column":2},"end":{"line":21,"column":56}},"13":{"start":{"line":24,"column":0},"end":{"line":24,"column":24}}},"branchMap":{"1":{"line":13,"type":"if","locations":[{"start":{"line":13,"column":2},"end":{"line":13,"column":2}},{"start":{"line":13,"column":2},"end":{"line":13,"column":2}}]}}},"C:\\work2\\github\\modules\\jasmin test -basic\\src\\Song.js":{"path":"C:\\work2\\github\\modules\\jasmin test -basic\\src\\Song.js","s":{"1":1,"2":1,"3":0,"4":1},"b":{},"f":{"1":5,"2":0},"fnMap":{"1":{"name":"Song","line":1,"loc":{"start":{"line":1,"column":0},"end":{"line":1,"column":16}}},"2":{"name":"(anonymous_2)","line":4,"loc":{"start":{"line":4,"column":39},"end":{"line":4,"column":55}}}},"statementMap":{"1":{"start":{"line":1,"column":0},"end":{"line":2,"column":1}},"2":{"start":{"line":4,"column":0},"end":{"line":7,"column":2}},"3":{"start":{"line":6,"column":2},"end":{"line":6,"column":41}},"4":{"start":{"line":8,"column":0},"end":{"line":8,"column":20}}},"branchMap":{}},"C:\\work2\\github\\modules\\jasmin test -basic\\spec\\SpecHelper.js":{"path":"C:\\work2\\github\\modules\\jasmin test -basic\\spec\\SpecHelper.js","s":{"1":1,"2":5,"3":2,"4":2},"b":{"1":[2,2]},"f":{"1":5,"2":2},"fnMap":{"1":{"name":"(anonymous_1)","line":1,"loc":{"start":{"line":1,"column":11},"end":{"line":1,"column":22}}},"2":{"name":"(anonymous_2)","line":3,"loc":{"start":{"line":3,"column":17},"end":{"line":3,"column":40}}}},"statementMap":{"1":{"start":{"line":1,"column":0},"end":{"line":9,"column":3}},"2":{"start":{"line":2,"column":2},"end":{"line":8,"column":5}},"3":{"start":{"line":4,"column":6},"end":{"line":4,"column":31}},"4":{"start":{"line":5,"column":6},"end":{"line":6,"column":30}}},"branchMap":{"1":{"line":5,"type":"binary-expr","locations":[{"start":{"line":5,"column":13},"end":{"line":5,"column":57}},{"start":{"line":6,"column":13},"end":{"line":6,"column":29}}]}}}}