TN:
SF:C:\work2\github\modules\jasmin test -basic\spec\PlayerSpec.js
FN:7,(anonymous_1)
FN:11,(anonymous_2)
FN:17,(anonymous_3)
FN:25,(anonymous_4)
FN:26,(anonymous_5)
FN:31,(anonymous_6)
FN:38,(anonymous_7)
FN:46,(anonymous_8)
FN:56,(anonymous_9)
FN:57,(anonymous_10)
FN:60,(anonymous_11)
FNF:11
FNH:11
FNDA:1,(anonymous_1)
FNDA:5,(anonymous_2)
FNDA:1,(anonymous_3)
FNDA:1,(anonymous_4)
FNDA:2,(anonymous_5)
FNDA:1,(anonymous_6)
FNDA:1,(anonymous_7)
FNDA:1,(anonymous_8)
FNDA:1,(anonymous_9)
FNDA:1,(anonymous_10)
FNDA:1,(anonymous_11)
DA:1,1
DA:3,1
DA:4,1
DA:5,1
DA:7,1
DA:8,1
DA:9,1
DA:11,1
DA:12,5
DA:13,5
DA:17,1
DA:18,1
DA:19,1
DA:22,1
DA:25,1
DA:26,1
DA:27,2
DA:28,2
DA:31,1
DA:32,1
DA:35,1
DA:38,1
DA:39,1
DA:40,1
DA:41,1
DA:46,1
DA:47,1
DA:49,1
DA:50,1
DA:52,1
DA:56,1
DA:57,1
DA:58,1
DA:60,1
DA:61,1
DA:67,1
LF:36
LH:36
BRF:0
BRH:0
end_of_record
TN:
SF:C:\work2\github\modules\jasmin test -basic\src\Player.js
FN:1,Player
FN:3,(anonymous_2)
FN:8,(anonymous_3)
FN:12,(anonymous_4)
FN:20,(anonymous_5)
FNF:5
FNH:5
FNDA:5,Player
FNDA:5,(anonymous_2)
FNDA:2,(anonymous_3)
FNDA:2,(anonymous_4)
FNDA:1,(anonymous_5)
DA:1,1
DA:3,1
DA:4,5
DA:5,5
DA:8,1
DA:9,2
DA:12,1
DA:13,2
DA:14,1
DA:17,1
DA:20,1
DA:21,1
DA:24,1
LF:13
LH:13
BRDA:13,1,0,1
BRDA:13,1,1,1
BRF:2
BRH:2
end_of_record
TN:
SF:C:\work2\github\modules\jasmin test -basic\src\Song.js
FN:1,Song
FN:4,(anonymous_2)
FNF:2
FNH:1
FNDA:5,Song
FNDA:0,(anonymous_2)
DA:1,1
DA:4,1
DA:6,0
DA:8,1
LF:4
LH:3
BRF:0
BRH:0
end_of_record
TN:
SF:C:\work2\github\modules\jasmin test -basic\spec\SpecHelper.js
FN:1,(anonymous_1)
FN:3,(anonymous_2)
FNF:2
FNH:2
FNDA:5,(anonymous_1)
FNDA:2,(anonymous_2)
DA:1,1
DA:2,5
DA:4,2
DA:5,2
LF:4
LH:4
BRDA:5,1,0,2
BRDA:5,1,1,2
BRF:2
BRH:2
end_of_record
